# JRE version: Java(TM) SE Runtime Environment 18.9 (11.0.16+11) (build 11.0.16+11-LTS-199)
# Java VM: Java HotSpot(TM) 64-Bit Server VM 18.9 (11.0.16+11-LTS-199, mixed mode, tiered, compressed oops, g1 gc, windows-amd64)
Heap:
 garbage-first heap   total 126976K, used 41357K [0x0000000085200000, 0x0000000100000000)
  region size 1024K, 13 young (13312K), 4 survivors (4096K)
 Metaspace       used 33711K, capacity 34613K, committed 34688K, reserved 1079296K
  class space    used 4051K, capacity 4410K, committed 4480K, reserved 1048576K
GC Heap History (6 events):
Event: 1.849 GC heap before
{Heap before GC invocations=0 (full 0):
 garbage-first heap   total 126976K, used 23552K [0x0000000085200000, 0x0000000100000000)
  region size 1024K, 24 young (24576K), 0 survivors (0K)
 Metaspace       used 9911K, capacity 10115K, committed 10368K, reserved 1058816K
  class space    used 982K, capacity 1059K, committed 1152K, reserved 1048576K
}
Event: 1.855 GC heap after
{Heap after GC invocations=1 (full 0):
 garbage-first heap   total 126976K, used 7039K [0x0000000085200000, 0x0000000100000000)
  region size 1024K, 3 young (3072K), 3 survivors (3072K)
 Metaspace       used 9911K, capacity 10115K, committed 10368K, reserved 1058816K
  class space    used 982K, capacity 1059K, committed 1152K, reserved 1048576K
}
Event: 3.262 GC heap before
{Heap before GC invocations=1 (full 0):
 garbage-first heap   total 126976K, used 74623K [0x0000000085200000, 0x0000000100000000)
  region size 1024K, 70 young (71680K), 3 survivors (3072K)
 Metaspace       used 20677K, capacity 21133K, committed 21248K, reserved 1069056K
  class space    used 2254K, capacity 2449K, committed 2560K, reserved 1048576K
}
Event: 3.273 GC heap after
{Heap after GC invocations=2 (full 0):
 garbage-first heap   total 126976K, used 12387K [0x0000000085200000, 0x0000000100000000)
  region size 1024K, 9 young (9216K), 9 survivors (9216K)
 Metaspace       used 20677K, capacity 21133K, committed 21248K, reserved 1069056K
  class space    used 2254K, capacity 2449K, committed 2560K, reserved 1048576K
}
Event: 7.021 GC heap before
{Heap before GC invocations=3 (full 0):
 garbage-first heap   total 126976K, used 96355K [0x0000000085200000, 0x0000000100000000)
  region size 1024K, 74 young (75776K), 9 survivors (9216K)
 Metaspace       used 32204K, capacity 33060K, committed 33152K, reserved 1079296K
  class space    used 3870K, capacity 4209K, committed 4224K, reserved 1048576K
}
Event: 7.040 GC heap after
{Heap after GC invocations=4 (full 0):
 garbage-first heap   total 126976K, used 33165K [0x0000000085200000, 0x0000000100000000)
  region size 1024K, 4 young (4096K), 4 survivors (4096K)
 Metaspace       used 32204K, capacity 33060K, committed 33152K, reserved 1079296K
  class space    used 3870K, capacity 4209K, committed 4224K, reserved 1048576K
}

